[www.wallz.gg/index.html]
[www.wallz.gg/_next/static/chunks/07g1-u_8w_21_.css]
[www.wallz.gg/_next/static/chunks/0w8pznseomgjz.js]
[www.wallz.gg/_next/static/chunks/0mtfu3i9_81y7.js]
[www.wallz.gg/_next/static/chunks/0c73fpdoly.0n.js]
[www.wallz.gg/_next/static/chunks/0tyjgfp34aoi_.js]
[www.wallz.gg/_next/static/chunks/13hs_9o5c6_9m.js]
[www.wallz.gg/_next/static/chunks/turbopack-02tgnyyn_ce5_.js]
[www.wallz.gg/_next/static/chunks/0a7nshsormjzc.js]
[www.wallz.gg/_next/static/chunks/0h7ye9l0yv4dm.js]
[www.wallz.gg/_next/static/chunks/01o2k_a.zebrc.js]
[www.wallz.gg/_next/static/chunks/0f2chtkwc9okb.js]
[www.wallz.gg/_next/static/chunks/0.x7p3gly3epo.js]
[www.wallz.gg/_next/static/chunks/0_-y_vwbb_2a1.js]
[www.wallz.gg/_next/static/chunks/1700-ge35lcn9.js]
[www.wallz.gg/_next/static/chunks/06gt_f9h-c_57.js]
[pagead2.googlesyndication.com/pagead/js/f23dd.txt]
[backblue.gif]
[fade.gif]
[index.html]
[consent.cookiebot.com/uc.js]
[www.wallz.gg/favicona552.ico]
[pub-aa307bb587104a47881c971176b1a2d9.r2.dev/avatars/cmqi8d4590b01t40meuvlu6li7cdf.jpg]
[www.wallz.gg/_next/static/chunks/03_yq9q893hmn.js]
[pub-aa307bb587104a47881c971176b1a2d9.r2.dev/avatars/cmq0yso3z0m31yq0mjeypqygkbc67.jpg]
[pub-aa307bb587104a47881c971176b1a2d9.r2.dev/avatars/cmpwkazzp07yeub0mg7rv6nh6d932.jpg]
[pub-aa307bb587104a47881c971176b1a2d9.r2.dev/avatars/cmq9v97m617gvt80mievn1fznadb5.jpg]
[pub-aa307bb587104a47881c971176b1a2d9.r2.dev/avatars/cmqhvfqoh05gbt40mrn6tzm6sc511.jpg]
[pub-aa307bb587104a47881c971176b1a2d9.r2.dev/avatars/cmpz8m7ch07zt160m1q45wxqj427c.jpg]
[pub-aa307bb587104a47881c971176b1a2d9.r2.dev/avatars/cmql12e6709y7yo0mt9kuwf0kc235.jpg]
[pub-aa307bb587104a47881c971176b1a2d9.r2.dev/avatars/cmq3gai980sjbxi0mq0flbny10f67.jpg]
[pub-aa307bb587104a47881c971176b1a2d9.r2.dev/avatars/cmq3mmfq312tsxi0m6js2uc3x0bd8.jpg]
[pub-aa307bb587104a47881c971176b1a2d9.r2.dev/avatars/cmq6ro8pn1olqtl0morrntocx54b5.jpg]
[pub-aa307bb587104a47881c971176b1a2d9.r2.dev/avatars/cmq0wvqvw0k2lyq0m9quz6dga5a7a.jpg]
[pub-aa307bb587104a47881c971176b1a2d9.r2.dev/avatars/cmpxghvos0323zn0msa0uhfyo1fbb.jpg]
[pub-aa307bb587104a47881c971176b1a2d9.r2.dev/avatars/cmpyjphd50lwgzn0m635jgiyc69c9.jpg]
[pub-aa307bb587104a47881c971176b1a2d9.r2.dev/avatars/cmq83qdfr13tmtd0mejbbmuep4851.jpg]
[pub-aa307bb587104a47881c971176b1a2d9.r2.dev/avatars/cmq7er96a04rjtd0mmsrj1i6t1681.jpg]
[pub-aa307bb587104a47881c971176b1a2d9.r2.dev/avatars/cmqgl6a6s09juw90muufzjm0uf080.jpg]
[pub-aa307bb587104a47881c971176b1a2d9.r2.dev/avatars/cmq4f0ebf03g5zw0m9isg9xhe95ae.jpg]
[pub-aa307bb587104a47881c971176b1a2d9.r2.dev/avatars/cmqaq38s60eh8430m8dlu9gwede76.jpg]
[pub-aa307bb587104a47881c971176b1a2d9.r2.dev/avatars/cmq2o12pa1yk41j0mi4jzqp2xf0c2.jpg]
[pub-aa307bb587104a47881c971176b1a2d9.r2.dev/avatars/cmq4h2xqu07z1zw0mkebdkeme65a0.jpg]
[pub-aa307bb587104a47881c971176b1a2d9.r2.dev/avatars/cmpx4lk9g0hsuub0mi3cpmuqq59ff.jpg]
[pub-aa307bb587104a47881c971176b1a2d9.r2.dev/avatars/cmpjed3ut00aoun0mp541i7nl19e5.jpg]
[pub-aa307bb587104a47881c971176b1a2d9.r2.dev/avatars/cmq2ok0a41zl11j0mn25hmqvz6cf3.jpg]
[pub-aa307bb587104a47881c971176b1a2d9.r2.dev/avatars/cmpuvysi005v2ud0mzr4yfbtv21f4.jpg]
[pub-aa307bb587104a47881c971176b1a2d9.r2.dev/avatars/cmpr8jhcc0179zx0m6c7xrsxe6550.jpg]
[pub-aa307bb587104a47881c971176b1a2d9.r2.dev/avatars/cmqgke24e0990w90m07drq7v3e86a.jpg]
[pub-aa307bb587104a47881c971176b1a2d9.r2.dev/avatars/cmqbjiu87162x430m64idoenndff8.jpg]
[pub-aa307bb587104a47881c971176b1a2d9.r2.dev/avatars/cmq8brmsr1i1ytd0monawa2x2cbed.jpg]
[pub-aa307bb587104a47881c971176b1a2d9.r2.dev/avatars/cmq7700yo2mfstl0mkvt0ahtk7a63.jpg]
[pub-aa307bb587104a47881c971176b1a2d9.r2.dev/avatars/cmptmrtvd0aq1xo0mk45mxocgc747.jpg]
[pub-aa307bb587104a47881c971176b1a2d9.r2.dev/avatars/cmq28ws04114w1j0mobbclhg46125.jpg]
[pub-aa307bb587104a47881c971176b1a2d9.r2.dev/avatars/cmq829tcr10zctd0m6bf15t017bf0.jpg]
[pub-aa307bb587104a47881c971176b1a2d9.r2.dev/avatars/cmq3t4t8m1gz8xi0m4aat63sod909.jpg]
[pub-aa307bb587104a47881c971176b1a2d9.r2.dev/avatars/cmpsgc7gr09jysj0mruxiapqo63d8.jpg]
[pub-aa307bb587104a47881c971176b1a2d9.r2.dev/avatars/cmq5r438u2t2szw0m772724cp149c.jpg]
[pub-aa307bb587104a47881c971176b1a2d9.r2.dev/avatars/cmqemhtm502xsrc0m8lf3ckj49746.jpg]
[pub-aa307bb587104a47881c971176b1a2d9.r2.dev/avatars/cmpwiyss707d3ub0m3ff0a0s64d9a.jpg]
[pub-aa307bb587104a47881c971176b1a2d9.r2.dev/avatars/cmqe7yyrd0uywtf0ml7071rxx50b4.jpg]
[pub-aa307bb587104a47881c971176b1a2d9.r2.dev/avatars/cmq68gfu70qzftl0m6o204u6vce37.jpg]
[pub-aa307bb587104a47881c971176b1a2d9.r2.dev/avatars/cmq2f3xae1em61j0mup8ryq64c1e1.jpg]
[pub-aa307bb587104a47881c971176b1a2d9.r2.dev/avatars/cmq8rutcz00ipt80mj0hsi2ol5532.jpg]
[pub-aa307bb587104a47881c971176b1a2d9.r2.dev/avatars/cmq6977jm0s03tl0m77r3tyzhb3eb.jpg]
[pub-aa307bb587104a47881c971176b1a2d9.r2.dev/avatars/cmqel58x1029yrc0mgli0xa418eae.jpg]
[pub-aa307bb587104a47881c971176b1a2d9.r2.dev/avatars/cmq3yeoe31v21xi0mani5dizx1319.jpg]
[www.wallz.gg/replays.html]
[www.wallz.gg/how-to-play.html]
[www.wallz.gg/strategy.html]
[www.wallz.gg/faq.html]
[www.wallz.gg/about.html]
[www.wallz.gg/contact.html]
[www.wallz.gg/privacy.html]
[www.wallz.gg/terms.html]
[pub-aa307bb587104a47881c971176b1a2d9.r2.dev/avatars/cmq2rodby26571j0mslootvw9191a.jpg]
[pub-aa307bb587104a47881c971176b1a2d9.r2.dev/avatars/cmpok1wpj03ajyr0m33kzrbo6169f.jpg]
[pub-aa307bb587104a47881c971176b1a2d9.r2.dev/avatars/cmq02rtk80oj2160m70q4c1lr24e3.jpg]
[pub-aa307bb587104a47881c971176b1a2d9.r2.dev/avatars/cmpvx538f0t9vud0m8zynoir58fa7.jpg]
[pub-aa307bb587104a47881c971176b1a2d9.r2.dev/avatars/cmq68ddax0quwtl0mwdjjjvzrbe94.jpg]
[pub-aa307bb587104a47881c971176b1a2d9.r2.dev/avatars/cmq9r3m1211kqt80mrzczvvc1dedb.jpg]
[pub-aa307bb587104a47881c971176b1a2d9.r2.dev/avatars/cmpspce080hersj0mst7pozuxa0be.jpg]
[pub-aa307bb587104a47881c971176b1a2d9.r2.dev/avatars/cmptr1iwp0ejpxo0mx6wxc7zedbbf.jpg]
[pub-aa307bb587104a47881c971176b1a2d9.r2.dev/avatars/cmpu3dvyp0oxoxo0m8t5720833fed.jpg]
[pub-aa307bb587104a47881c971176b1a2d9.r2.dev/avatars/cmqgktq1309f3w90mounx14yb3803.jpg]
[pub-aa307bb587104a47881c971176b1a2d9.r2.dev/avatars/cmqjwrirm0dznyb0m17qohg4465bc.jpg]
[pub-aa307bb587104a47881c971176b1a2d9.r2.dev/avatars/cmq7nr40f0h8ctd0memep89gofbfe.jpg]
[pub-aa307bb587104a47881c971176b1a2d9.r2.dev/avatars/cmpynditn0ny6zn0ml7rrwnsg367d.jpg]
[pub-aa307bb587104a47881c971176b1a2d9.r2.dev/avatars/cmq76uzbh2m7ttl0mvu72sozs4a8a.jpg]
[pub-aa307bb587104a47881c971176b1a2d9.r2.dev/avatars/cmpzy2eep0kzp160mran61xsg62cf.jpg]
[pub-aa307bb587104a47881c971176b1a2d9.r2.dev/avatars/cmq8n6i3220jctd0mp36a32t4c375.jpg]
[pub-aa307bb587104a47881c971176b1a2d9.r2.dev/avatars/cmq2dykt21bth1j0mkxanvn0e82a5.jpg]
[pub-aa307bb587104a47881c971176b1a2d9.r2.dev/avatars/cmq53ts3r15pnzw0mvz7yr3au1607.jpg]
[pub-aa307bb587104a47881c971176b1a2d9.r2.dev/avatars/cmqcxy2o60x2nvs0mt0iuaa6idabd.jpg]
[pub-aa307bb587104a47881c971176b1a2d9.r2.dev/avatars/cmq3b469b0kdgxi0mrpb63r99181a.jpg]
[pub-aa307bb587104a47881c971176b1a2d9.r2.dev/avatars/cmq5krew02aanzw0mw5u8d3m6a7bb.jpg]
[pub-aa307bb587104a47881c971176b1a2d9.r2.dev/avatars/cmq3p1x0t17q3xi0m0vizuyds85a4.jpg]
[pub-aa307bb587104a47881c971176b1a2d9.r2.dev/avatars/cmptn5ueo0b22xo0meu0cfso94829.jpg]
[pub-aa307bb587104a47881c971176b1a2d9.r2.dev/avatars/cmq6tbpqc1s7htl0ma4vwuh60817f.jpg]
[pub-aa307bb587104a47881c971176b1a2d9.r2.dev/avatars/cmq67y9fp0q8mtl0mzpfttupp9c7f.jpg]
[pub-aa307bb587104a47881c971176b1a2d9.r2.dev/avatars/cmq84ffui154jtd0mn1xkabuq8955.jpg]
[pub-aa307bb587104a47881c971176b1a2d9.r2.dev/avatars/cmq8rxdgc00lat80m9b55sgm907a3.jpg]
[pub-aa307bb587104a47881c971176b1a2d9.r2.dev/avatars/cmptd13bq0533xo0mtif0blf9f83d.jpg]
[pub-aa307bb587104a47881c971176b1a2d9.r2.dev/avatars/cmqio2ivo0hg8t40mdf3hy9iu379a.jpg]
[pub-aa307bb587104a47881c971176b1a2d9.r2.dev/avatars/cmpu0esep0mlpxo0mossglvppba17.jpg]
[pub-aa307bb587104a47881c971176b1a2d9.r2.dev/avatars/cmq5c3xrq1o1vzw0mstbvn3njfb44.jpg]
[pub-aa307bb587104a47881c971176b1a2d9.r2.dev/avatars/cmq76174z2kmttl0mni3w6s2l7778.jpg]
[pub-aa307bb587104a47881c971176b1a2d9.r2.dev/avatars/cmqaqeqyf0er1430mrjo2xopf1a65.jpg]
[pub-aa307bb587104a47881c971176b1a2d9.r2.dev/avatars/cmq6whikg20cptl0m45r6oweh445e.jpg]
[pub-aa307bb587104a47881c971176b1a2d9.r2.dev/avatars/cmqa93s2m01hc430mwkdsv0z5b9b5.jpg]
[pub-aa307bb587104a47881c971176b1a2d9.r2.dev/avatars/cmq2559nq0twr1j0mpr965ud9caca.jpg]
[pub-aa307bb587104a47881c971176b1a2d9.r2.dev/avatars/cmq7dfg9702qwtd0mokykbv3955a1.jpg]
[pub-aa307bb587104a47881c971176b1a2d9.r2.dev/avatars/cmq4gbupk06ggzw0macmk4qi80c41.jpg]
[pub-aa307bb587104a47881c971176b1a2d9.r2.dev/avatars/cmq8oez3521vbtd0m63motrz56161.jpg]
[pub-aa307bb587104a47881c971176b1a2d9.r2.dev/avatars/cmqfnchyj0l1jrc0m9bm3qk3h85bf.jpg]
[pub-aa307bb587104a47881c971176b1a2d9.r2.dev/avatars/cmq4p2v3a0kn0zw0mlwp8kyok06b8.jpg]
[pub-aa307bb587104a47881c971176b1a2d9.r2.dev/avatars/cmq9kymwt0shst80ms6ku3v259dcd.jpg]
[pub-aa307bb587104a47881c971176b1a2d9.r2.dev/avatars/cmq9t5h8m14fwt80mh3o77p1m5f8f.jpg]
[pub-aa307bb587104a47881c971176b1a2d9.r2.dev/avatars/cmq6omc301id8tl0mcjbobzn25944.jpg]
[pub-aa307bb587104a47881c971176b1a2d9.r2.dev/avatars/cmpxhiv2t03ehzn0mux2ysvfl5775.jpg]
[pub-aa307bb587104a47881c971176b1a2d9.r2.dev/avatars/cmqgkffg2099yw90maw68fq6h66c0.jpg]
[pub-aa307bb587104a47881c971176b1a2d9.r2.dev/avatars/cmpzpcrvo0fcu160m4rqb6avnad74.jpg]
[pub-aa307bb587104a47881c971176b1a2d9.r2.dev/avatars/cmq94icuf0ccgt80mqpb24mgh3953.jpg]
[pub-aa307bb587104a47881c971176b1a2d9.r2.dev/avatars/cmqecml8t0xzmtf0m5uy3z9gya14d.jpg]
[pub-aa307bb587104a47881c971176b1a2d9.r2.dev/avatars/cmqdzfy9e0oohtf0m7o7u8zn9d350.jpg]
[www.wallz.gg/index.html]
[www.wallz.gg/_next/static/chunks/07g1-u_8w_21_.css]
[www.wallz.gg/replays.html]
[www.wallz.gg/how-to-play.html]
[www.wallz.gg/strategy.html]
[www.wallz.gg/faq.html]
[www.wallz.gg/about.html]
[www.wallz.gg/contact.html]
[www.wallz.gg/privacy.html]
[www.wallz.gg/terms.html]
[www.wallz.gg/_next/static/chunks/0p2tnfxm.h6i_.js]
